mode: atomic
github.com/fairwindsops/vaultutil/aws.go:76.53,78.2 1 0
github.com/fairwindsops/vaultutil/aws.go:81.46,83.16 2 0
github.com/fairwindsops/vaultutil/aws.go:87.2,88.16 2 0
github.com/fairwindsops/vaultutil/aws.go:92.2,99.37 7 0
github.com/fairwindsops/vaultutil/aws.go:103.2,103.12 1 0
github.com/fairwindsops/vaultutil/aws.go:83.16,85.3 1 0
github.com/fairwindsops/vaultutil/aws.go:88.16,90.3 1 0
github.com/fairwindsops/vaultutil/aws.go:99.37,101.3 1 0
github.com/fairwindsops/vaultutil/aws.go:107.41,109.2 1 0
github.com/fairwindsops/vaultutil/aws.go:115.43,118.25 2 0
github.com/fairwindsops/vaultutil/aws.go:124.2,124.29 1 0
github.com/fairwindsops/vaultutil/aws.go:130.2,130.26 1 0
github.com/fairwindsops/vaultutil/aws.go:137.2,137.21 1 0
github.com/fairwindsops/vaultutil/aws.go:142.2,146.12 4 0
github.com/fairwindsops/vaultutil/aws.go:118.25,120.3 1 0
github.com/fairwindsops/vaultutil/aws.go:120.8,122.3 1 0
github.com/fairwindsops/vaultutil/aws.go:124.29,126.3 1 0
github.com/fairwindsops/vaultutil/aws.go:126.8,128.3 1 0
github.com/fairwindsops/vaultutil/aws.go:130.26,133.3 2 0
github.com/fairwindsops/vaultutil/aws.go:133.8,135.3 1 0
github.com/fairwindsops/vaultutil/aws.go:137.21,139.3 1 0
github.com/fairwindsops/vaultutil/aws.go:139.8,141.3 1 0
github.com/fairwindsops/vaultutil/aws.go:151.62,154.16 3 0
github.com/fairwindsops/vaultutil/aws.go:167.2,171.16 4 0
github.com/fairwindsops/vaultutil/aws.go:174.2,174.22 1 0
github.com/fairwindsops/vaultutil/aws.go:154.16,156.37 2 0
github.com/fairwindsops/vaultutil/aws.go:164.3,165.20 2 0
github.com/fairwindsops/vaultutil/aws.go:156.37,159.18 3 0
github.com/fairwindsops/vaultutil/aws.go:162.4,162.24 1 0
github.com/fairwindsops/vaultutil/aws.go:159.18,161.5 1 0
github.com/fairwindsops/vaultutil/aws.go:171.16,173.3 1 0
github.com/fairwindsops/vaultutil/aws.go:178.53,180.16 2 0
github.com/fairwindsops/vaultutil/aws.go:184.2,185.16 2 0
github.com/fairwindsops/vaultutil/aws.go:189.2,192.16 3 0
github.com/fairwindsops/vaultutil/aws.go:195.2,197.16 2 0
github.com/fairwindsops/vaultutil/aws.go:180.16,182.3 1 0
github.com/fairwindsops/vaultutil/aws.go:185.16,187.3 1 0
github.com/fairwindsops/vaultutil/aws.go:192.16,194.3 1 0
github.com/fairwindsops/vaultutil/aws.go:201.72,203.16 2 0
github.com/fairwindsops/vaultutil/aws.go:206.2,209.16 3 0
github.com/fairwindsops/vaultutil/aws.go:213.2,219.16 6 0
github.com/fairwindsops/vaultutil/aws.go:222.2,222.38 1 0
github.com/fairwindsops/vaultutil/aws.go:226.2,228.16 3 0
github.com/fairwindsops/vaultutil/aws.go:231.2,236.16 4 0
github.com/fairwindsops/vaultutil/aws.go:240.2,241.9 2 0
github.com/fairwindsops/vaultutil/aws.go:245.2,245.20 1 0
github.com/fairwindsops/vaultutil/aws.go:203.16,205.3 1 0
github.com/fairwindsops/vaultutil/aws.go:209.16,211.3 1 0
github.com/fairwindsops/vaultutil/aws.go:219.16,221.3 1 0
github.com/fairwindsops/vaultutil/aws.go:222.38,224.3 1 0
github.com/fairwindsops/vaultutil/aws.go:228.16,230.3 1 0
github.com/fairwindsops/vaultutil/aws.go:236.16,238.3 1 0
github.com/fairwindsops/vaultutil/aws.go:241.9,243.3 1 0
github.com/fairwindsops/vaultutil/aws.go:249.66,261.2 4 0
github.com/fairwindsops/vaultutil/aws.go:266.62,271.16 3 0
github.com/fairwindsops/vaultutil/aws.go:274.2,283.17 4 0
github.com/fairwindsops/vaultutil/aws.go:271.16,273.3 1 0
github.com/fairwindsops/vaultutil/aws.go:287.53,293.16 5 0
github.com/fairwindsops/vaultutil/aws.go:298.2,300.16 3 0
github.com/fairwindsops/vaultutil/aws.go:304.2,315.39 3 0
github.com/fairwindsops/vaultutil/aws.go:318.2,318.17 1 0
github.com/fairwindsops/vaultutil/aws.go:293.16,296.3 2 0
github.com/fairwindsops/vaultutil/aws.go:300.16,302.3 1 0
github.com/fairwindsops/vaultutil/aws.go:315.39,317.3 1 0
github.com/fairwindsops/vaultutil/azure.go:70.56,72.2 1 0
github.com/fairwindsops/vaultutil/azure.go:75.49,77.16 2 0
github.com/fairwindsops/vaultutil/azure.go:82.2,83.16 2 0
github.com/fairwindsops/vaultutil/azure.go:88.2,94.38 6 0
github.com/fairwindsops/vaultutil/azure.go:98.2,98.12 1 0
github.com/fairwindsops/vaultutil/azure.go:77.16,80.3 2 0
github.com/fairwindsops/vaultutil/azure.go:83.16,86.3 2 0
github.com/fairwindsops/vaultutil/azure.go:94.38,96.3 1 0
github.com/fairwindsops/vaultutil/azure.go:102.44,104.2 1 0
github.com/fairwindsops/vaultutil/azure.go:110.46,113.23 2 0
github.com/fairwindsops/vaultutil/azure.go:119.2,119.27 1 0
github.com/fairwindsops/vaultutil/azure.go:125.2,125.22 1 0
github.com/fairwindsops/vaultutil/azure.go:130.2,133.12 3 0
github.com/fairwindsops/vaultutil/azure.go:113.23,115.3 1 0
github.com/fairwindsops/vaultutil/azure.go:115.8,117.3 1 0
github.com/fairwindsops/vaultutil/azure.go:119.27,121.3 1 0
github.com/fairwindsops/vaultutil/azure.go:121.8,123.3 1 0
github.com/fairwindsops/vaultutil/azure.go:125.22,127.3 1 0
github.com/fairwindsops/vaultutil/azure.go:127.8,129.3 1 0
github.com/fairwindsops/vaultutil/azure.go:138.66,140.44 2 0
github.com/fairwindsops/vaultutil/azure.go:152.2,154.16 3 0
github.com/fairwindsops/vaultutil/azure.go:158.2,158.22 1 0
github.com/fairwindsops/vaultutil/azure.go:140.44,141.37 1 0
github.com/fairwindsops/vaultutil/azure.go:149.3,150.20 2 0
github.com/fairwindsops/vaultutil/azure.go:141.37,144.18 3 0
github.com/fairwindsops/vaultutil/azure.go:147.4,147.24 1 0
github.com/fairwindsops/vaultutil/azure.go:144.18,146.5 1 0
github.com/fairwindsops/vaultutil/azure.go:154.16,156.3 1 0
github.com/fairwindsops/vaultutil/azure.go:164.57,170.16 5 0
github.com/fairwindsops/vaultutil/azure.go:175.2,177.16 3 0
github.com/fairwindsops/vaultutil/azure.go:181.2,189.39 2 0
github.com/fairwindsops/vaultutil/azure.go:193.2,193.17 1 0
github.com/fairwindsops/vaultutil/azure.go:170.16,173.3 2 0
github.com/fairwindsops/vaultutil/azure.go:177.16,179.3 1 0
github.com/fairwindsops/vaultutil/azure.go:189.39,191.3 1 0
github.com/fairwindsops/vaultutil/config.go:38.68,44.19 2 0
github.com/fairwindsops/vaultutil/config.go:51.2,51.12 1 0
github.com/fairwindsops/vaultutil/config.go:45.13,46.34 1 0
github.com/fairwindsops/vaultutil/config.go:47.13,48.35 1 0
github.com/fairwindsops/vaultutil/config.go:55.62,61.2 3 2
github.com/fairwindsops/vaultutil/vault.go:37.25,39.16 2 0
github.com/fairwindsops/vaultutil/vault.go:43.2,45.16 3 0
github.com/fairwindsops/vaultutil/vault.go:49.2,49.25 1 0
github.com/fairwindsops/vaultutil/vault.go:52.2,52.12 1 0
github.com/fairwindsops/vaultutil/vault.go:39.16,41.3 1 0
github.com/fairwindsops/vaultutil/vault.go:45.16,47.3 1 0
github.com/fairwindsops/vaultutil/vault.go:49.25,51.3 1 0
github.com/fairwindsops/vaultutil/vault.go:57.40,59.16 2 0
github.com/fairwindsops/vaultutil/vault.go:62.2,62.12 1 0
github.com/fairwindsops/vaultutil/vault.go:59.16,61.3 1 0
github.com/fairwindsops/vaultutil/vault.go:66.63,70.16 4 0
github.com/fairwindsops/vaultutil/vault.go:73.2,74.26 2 0
github.com/fairwindsops/vaultutil/vault.go:70.16,72.3 1 0
github.com/fairwindsops/vaultutil/vault.go:79.108,85.16 3 0
github.com/fairwindsops/vaultutil/vault.go:89.2,89.16 1 0
github.com/fairwindsops/vaultutil/vault.go:93.2,94.16 2 0
github.com/fairwindsops/vaultutil/vault.go:97.2,99.36 3 0
github.com/fairwindsops/vaultutil/vault.go:85.16,87.3 1 0
github.com/fairwindsops/vaultutil/vault.go:89.16,91.3 1 0
github.com/fairwindsops/vaultutil/vault.go:94.16,96.3 1 0
